{
  "RSpec": {
    "coverage": {
      "C:/Users/regin/OneDrive/Documentos/Slack_Chat_Translate2/spec/app_spec.rb": {
        "lines": [
          1,
          1,
          1,
          null,
          1,
          1,
          null,
          1,
          1,
          null,
          null,
          1,
          1,
          1,
          2,
          null,
          null
        ],
        "branches": {}
      },
      "C:/Users/regin/OneDrive/Documentos/Slack_Chat_Translate2/app.rb": {
        "lines": [
          1,
          1,
          1,
          1,
          null,
          1,
          1,
          1,
          1,
          1,
          1,
          null,
          null,
          1,
          1,
          null,
          null,
          1,
          0,
          null,
          null,
          1,
          0,
          0,
          0,
          null,
          null,
          1,
          1,
          1,
          null,
          null,
          1,
          0,
          null,
          0,
          0,
          null,
          null,
          0,
          0,
          null,
          0,
          0,
          0,
          null,
          null,
          0,
          null,
          0,
          null,
          0,
          null,
          0,
          null,
          null,
          null,
          null,
          null,
          0,
          0,
          null,
          null,
          1,
          0,
          0,
          0,
          null,
          0,
          null,
          0,
          null,
          null,
          1,
          1
        ],
        "branches": {
          "[:if, 0, 36, 2, 38, 5]": {
            "[:then, 1, 37, 4, 37, 36]": 0,
            "[:else, 2, 36, 2, 38, 5]": 0
          },
          "[:unless, 3, 41, 2, 41, 32]": {
            "[:else, 4, 41, 2, 41, 32]": 0,
            "[:then, 5, 41, 2, 41, 19]": 0
          },
          "[:if, 6, 43, 2, 46, 5]": {
            "[:then, 7, 44, 4, 45, 21]": 0,
            "[:else, 8, 43, 2, 46, 5]": 0
          },
          "[:unless, 9, 48, 2, 48, 40]": {
            "[:else, 10, 48, 2, 48, 40]": 0,
            "[:then, 11, 48, 2, 48, 19]": 0
          },
          "[:if, 12, 74, 0, 76, 3]": {
            "[:then, 13, 75, 2, 75, 67]": 1,
            "[:else, 14, 74, 0, 76, 3]": 0
          }
        }
      },
      "C:/Users/regin/OneDrive/Documentos/Slack_Chat_Translate2/app/controllers/messages_controller.rb": {
        "lines": [
          1,
          1,
          1,
          1,
          null,
          1,
          1,
          0,
          0,
          null,
          null,
          1,
          0,
          0,
          null,
          0,
          null,
          null,
          null,
          null,
          null,
          null,
          0,
          null,
          null,
          1,
          2,
          null
        ],
        "branches": {}
      },
      "C:/Users/regin/OneDrive/Documentos/Slack_Chat_Translate2/app/services/slack_service.rb": {
        "lines": [
          1,
          1,
          1,
          null,
          1,
          1,
          2,
          null,
          1,
          1,
          null,
          null,
          1,
          0,
          0,
          null,
          null
        ],
        "branches": {
          "[:if, 0, 7, 4, 7, 98]": {
            "[:then, 1, 7, 4, 7, 50]": 1,
            "[:else, 2, 7, 4, 7, 98]": 1
          }
        }
      },
      "C:/Users/regin/OneDrive/Documentos/Slack_Chat_Translate2/app/services/translation_service.rb": {
        "lines": [
          1,
          1,
          1,
          null,
          1,
          1,
          3,
          null,
          null,
          1,
          2,
          null,
          null,
          1,
          1,
          null,
          null,
          1,
          3,
          3,
          3,
          3,
          null,
          null,
          null,
          null,
          null,
          null,
          3,
          3,
          null,
          null,
          2,
          2,
          null,
          1,
          1,
          null,
          null
        ],
        "branches": {}
      },
      "C:/Users/regin/OneDrive/Documentos/Slack_Chat_Translate2/app/services/message_logger.rb": {
        "lines": [
          1,
          null,
          1,
          1,
          4,
          null,
          null,
          1,
          5,
          null,
          5,
          5,
          null,
          0,
          0,
          null,
          null,
          1,
          1,
          1,
          1,
          null,
          null
        ],
        "branches": {
          "[:unless, 0, 9, 4, 9, 44]": {
            "[:else, 1, 9, 4, 9, 44]": 5,
            "[:then, 2, 9, 4, 9, 13]": 0
          },
          "[:if, 3, 12, 4, 12, 45]": {
            "[:then, 4, 12, 21, 12, 23]": 0,
            "[:else, 5, 12, 26, 12, 45]": 5
          }
        }
      },
      "C:/Users/regin/OneDrive/Documentos/Slack_Chat_Translate2/spec/controllers/messages_controller_spec.rb": {
        "lines": [
          1,
          1,
          null,
          1,
          1,
          1,
          null,
          null
        ],
        "branches": {}
      },
      "C:/Users/regin/OneDrive/Documentos/Slack_Chat_Translate2/spec/services/message_logger_spec.rb": {
        "lines": [
          1,
          1,
          null,
          1,
          3,
          3,
          null,
          1,
          2,
          null,
          null,
          1,
          2,
          null,
          null,
          1,
          1,
          1,
          1,
          null,
          null,
          1,
          1,
          1,
          3,
          null,
          null
        ],
        "branches": {}
      },
      "C:/Users/regin/OneDrive/Documentos/Slack_Chat_Translate2/spec/services/slack_service_spec.rb": {
        "lines": [
          1,
          null,
          1,
          2,
          2,
          null,
          1,
          2,
          null,
          null,
          1,
          1,
          null,
          null
        ],
        "branches": {}
      },
      "C:/Users/regin/OneDrive/Documentos/Slack_Chat_Translate2/spec/services/translation_service_openai_spec.rb": {
        "lines": [
          1,
          1,
          null,
          1,
          4,
          4,
          null,
          1,
          3,
          null,
          null,
          null,
          null,
          null,
          null,
          null,
          1,
          1,
          1,
          null,
          null,
          1,
          1,
          1,
          null,
          null,
          1,
          1,
          null,
          null,
          1,
          1,
          null,
          null
        ],
        "branches": {}
      },
      "C:/Users/regin/OneDrive/Documentos/Slack_Chat_Translate2/app/services/translation_service_openai.rb": {
        "lines": [
          1,
          1,
          null,
          1,
          1,
          3,
          null,
          3,
          3,
          null,
          null,
          1,
          2,
          null,
          null,
          1,
          1,
          null,
          null,
          1,
          3,
          3,
          3,
          3,
          null,
          null,
          null,
          null,
          null,
          null,
          null,
          null,
          3,
          3,
          null,
          null,
          2,
          2,
          null,
          1,
          null,
          null
        ],
        "branches": {
          "[:if, 0, 6, 4, 6, 86]": {
            "[:then, 1, 6, 4, 6, 46]": 0,
            "[:else, 2, 6, 4, 6, 86]": 3
          }
        }
      },
      "C:/Users/regin/OneDrive/Documentos/Slack_Chat_Translate2/spec/services/translation_service_spec.rb": {
        "lines": [
          1,
          1,
          null,
          1,
          4,
          null,
          1,
          3,
          null,
          null,
          null,
          1,
          1,
          1,
          null,
          null,
          1,
          1,
          1,
          null,
          null,
          1,
          1,
          1,
          1,
          null,
          null
        ],
        "branches": {}
      }
    },
    "timestamp": 1744153980
  }
}
